[2025-03-30 22:35:08,714: INFO: main: Welcome this is dhruvi bhimani]
[2025-04-27 19:11:50,750: INFO: common: yaml file: config\config.yaml loaded successfully]
[2025-04-27 19:11:50,775: INFO: common: yaml file: params.yaml loaded successfully]
[2025-04-27 19:11:50,781: INFO: common: created directory at: artifacts]
[2025-04-27 19:11:50,789: INFO: common: created directory at: artifacts/prepare_base_model]
[2025-04-27 19:12:20,143: WARNING: saving_utils: Compiled the loaded model, but the compiled metrics have yet to be built. `model.compile_metrics` will be empty until you train or evaluate the model.]
[2025-04-27 20:02:44,912: INFO: main: >>>>>> stage Data Ingestion stage started <<<<<<]
[2025-04-27 20:02:44,917: INFO: common: yaml file: config\config.yaml loaded successfully]
[2025-04-27 20:02:44,921: INFO: common: yaml file: params.yaml loaded successfully]
[2025-04-27 20:02:44,922: INFO: common: created directory at: artifacts]
[2025-04-27 20:02:44,923: INFO: common: created directory at: artifacts/data_ingestion]
[2025-04-27 20:02:44,924: INFO: data_ingestion: Downloading data from https://drive.google.com/file/d/1CdJMbfaOZ7WN6bG_PkXwV7cjvdIs0Mpb/view?usp=sharing into file artifacts/data_ingestion/data.zip]
[2025-04-27 20:03:19,895: INFO: data_ingestion: Downloaded data from https://drive.google.com/file/d/1CdJMbfaOZ7WN6bG_PkXwV7cjvdIs0Mpb/view?usp=sharing into file artifacts/data_ingestion/data.zip]
[2025-04-27 20:03:20,890: INFO: main: >>>>>> stage Data Ingestion stage completed <<<<<<

x==========x]
[2025-04-27 20:03:20,890: INFO: main: *******************]
[2025-04-27 20:03:20,890: INFO: main: >>>>>> stage Prepare base model started <<<<<<]
[2025-04-27 20:03:20,895: INFO: common: yaml file: config\config.yaml loaded successfully]
[2025-04-27 20:03:20,897: INFO: common: yaml file: params.yaml loaded successfully]
[2025-04-27 20:03:20,898: INFO: common: created directory at: artifacts]
[2025-04-27 20:03:20,900: INFO: common: created directory at: artifacts/prepare_base_model]
[2025-04-27 20:03:21,903: WARNING: saving_utils: Compiled the loaded model, but the compiled metrics have yet to be built. `model.compile_metrics` will be empty until you train or evaluate the model.]
[2025-04-27 20:03:22,710: INFO: main: >>>>>> stage Prepare base model completed <<<<<<

x==========x]
[2025-04-27 22:28:11,965: INFO: common: yaml file: config\config.yaml loaded successfully]
[2025-04-27 22:28:11,986: INFO: common: yaml file: params.yaml loaded successfully]
[2025-04-27 22:28:11,995: INFO: common: created directory at: artifacts]
[2025-04-27 22:28:12,002: INFO: common: created directory at: artifacts\training]
[2025-04-27 22:46:47,347: INFO: main: >>>>>> stage Data Ingestion stage started <<<<<<]
[2025-04-27 22:46:47,353: INFO: common: yaml file: config\config.yaml loaded successfully]
[2025-04-27 22:46:47,362: INFO: common: yaml file: params.yaml loaded successfully]
[2025-04-27 22:46:47,364: INFO: common: created directory at: artifacts]
[2025-04-27 22:46:47,366: INFO: common: created directory at: artifacts/data_ingestion]
[2025-04-27 22:46:47,368: INFO: data_ingestion: Downloading data from https://drive.google.com/file/d/1CdJMbfaOZ7WN6bG_PkXwV7cjvdIs0Mpb/view?usp=sharing into file artifacts/data_ingestion/data.zip]
[2025-04-27 22:48:01,696: INFO: data_ingestion: Downloaded data from https://drive.google.com/file/d/1CdJMbfaOZ7WN6bG_PkXwV7cjvdIs0Mpb/view?usp=sharing into file artifacts/data_ingestion/data.zip]
[2025-04-27 22:48:03,287: INFO: main: >>>>>> stage Data Ingestion stage completed <<<<<<

x==========x]
[2025-04-27 22:48:03,287: INFO: main: *******************]
[2025-04-27 22:48:03,288: INFO: main: >>>>>> stage Prepare base model started <<<<<<]
[2025-04-27 22:48:03,295: INFO: common: yaml file: config\config.yaml loaded successfully]
[2025-04-27 22:48:03,300: INFO: common: yaml file: params.yaml loaded successfully]
[2025-04-27 22:48:03,301: INFO: common: created directory at: artifacts]
[2025-04-27 22:48:03,302: INFO: common: created directory at: artifacts/prepare_base_model]
[2025-04-27 22:48:04,309: WARNING: saving_utils: Compiled the loaded model, but the compiled metrics have yet to be built. `model.compile_metrics` will be empty until you train or evaluate the model.]
[2025-04-27 22:48:05,093: INFO: main: >>>>>> stage Prepare base model completed <<<<<<

x==========x]
[2025-04-27 22:54:20,495: INFO: main: >>>>>> stage Data Ingestion stage started <<<<<<]
[2025-04-27 22:54:20,501: INFO: common: yaml file: config\config.yaml loaded successfully]
[2025-04-27 22:54:20,507: INFO: common: yaml file: params.yaml loaded successfully]
[2025-04-27 22:54:20,509: INFO: common: created directory at: artifacts]
[2025-04-27 22:54:20,510: INFO: common: created directory at: artifacts/data_ingestion]
[2025-04-27 22:54:20,511: INFO: data_ingestion: Downloading data from https://drive.google.com/file/d/1CdJMbfaOZ7WN6bG_PkXwV7cjvdIs0Mpb/view?usp=sharing into file artifacts/data_ingestion/data.zip]
[2025-04-27 22:55:02,730: INFO: data_ingestion: Downloaded data from https://drive.google.com/file/d/1CdJMbfaOZ7WN6bG_PkXwV7cjvdIs0Mpb/view?usp=sharing into file artifacts/data_ingestion/data.zip]
[2025-04-27 22:55:04,467: INFO: main: >>>>>> stage Data Ingestion stage completed <<<<<<

x==========x]
[2025-04-27 22:55:04,468: INFO: main: *******************]
[2025-04-27 22:55:04,468: INFO: main: >>>>>> stage Prepare base model started <<<<<<]
[2025-04-27 22:55:04,473: INFO: common: yaml file: config\config.yaml loaded successfully]
[2025-04-27 22:55:04,476: INFO: common: yaml file: params.yaml loaded successfully]
[2025-04-27 22:55:04,477: INFO: common: created directory at: artifacts]
[2025-04-27 22:55:04,479: INFO: common: created directory at: artifacts/prepare_base_model]
[2025-04-27 22:55:05,688: WARNING: saving_utils: Compiled the loaded model, but the compiled metrics have yet to be built. `model.compile_metrics` will be empty until you train or evaluate the model.]
[2025-04-27 22:55:06,950: INFO: main: >>>>>> stage Prepare base model completed <<<<<<

x==========x]
[2025-04-27 22:57:43,112: INFO: main: >>>>>> stage Data Ingestion stage started <<<<<<]
[2025-04-27 22:57:43,125: INFO: common: yaml file: config\config.yaml loaded successfully]
[2025-04-27 22:57:43,134: INFO: common: yaml file: params.yaml loaded successfully]
[2025-04-27 22:57:43,137: INFO: common: created directory at: artifacts]
[2025-04-27 22:57:43,137: INFO: common: created directory at: artifacts/data_ingestion]
[2025-04-27 22:57:43,138: INFO: data_ingestion: Downloading data from https://drive.google.com/file/d/1CdJMbfaOZ7WN6bG_PkXwV7cjvdIs0Mpb/view?usp=sharing into file artifacts/data_ingestion/data.zip]
[2025-04-27 22:58:44,296: INFO: main: >>>>>> stage Data Ingestion stage started <<<<<<]
[2025-04-27 22:58:44,303: INFO: common: yaml file: config\config.yaml loaded successfully]
[2025-04-27 22:58:44,307: INFO: common: yaml file: params.yaml loaded successfully]
[2025-04-27 22:58:44,309: INFO: common: created directory at: artifacts]
[2025-04-27 22:58:44,310: INFO: common: created directory at: artifacts/data_ingestion]
[2025-04-27 22:58:44,311: INFO: data_ingestion: Downloading data from https://drive.google.com/file/d/1CdJMbfaOZ7WN6bG_PkXwV7cjvdIs0Mpb/view?usp=sharing into file artifacts/data_ingestion/data.zip]
[2025-04-27 22:59:52,284: INFO: data_ingestion: Downloaded data from https://drive.google.com/file/d/1CdJMbfaOZ7WN6bG_PkXwV7cjvdIs0Mpb/view?usp=sharing into file artifacts/data_ingestion/data.zip]
[2025-04-27 22:59:54,393: INFO: main: >>>>>> stage Data Ingestion stage completed <<<<<<

x==========x]
[2025-04-27 22:59:54,394: INFO: main: *******************]
[2025-04-27 22:59:54,394: INFO: main: >>>>>> stage Prepare base model started <<<<<<]
[2025-04-27 22:59:54,401: INFO: common: yaml file: config\config.yaml loaded successfully]
[2025-04-27 22:59:54,407: INFO: common: yaml file: params.yaml loaded successfully]
[2025-04-27 22:59:54,409: INFO: common: created directory at: artifacts]
[2025-04-27 22:59:54,410: INFO: common: created directory at: artifacts/prepare_base_model]
[2025-04-27 22:59:56,258: WARNING: saving_utils: Compiled the loaded model, but the compiled metrics have yet to be built. `model.compile_metrics` will be empty until you train or evaluate the model.]
[2025-04-27 22:59:57,308: INFO: main: >>>>>> stage Prepare base model completed <<<<<<

x==========x]
[2025-04-27 22:59:57,310: INFO: main: *******************]
[2025-04-27 22:59:57,310: INFO: main: >>>>>> stage Training started <<<<<<]
[2025-04-27 22:59:57,327: INFO: common: yaml file: config\config.yaml loaded successfully]
[2025-04-27 22:59:57,341: INFO: common: yaml file: params.yaml loaded successfully]
[2025-04-27 22:59:57,344: INFO: common: created directory at: artifacts]
[2025-04-27 22:59:57,354: INFO: common: created directory at: artifacts\training]
[2025-04-27 23:03:56,045: INFO: main: >>>>>> stage Training completed <<<<<<

x==========x]
